[2017-02-13 08:22:00] START
[2017-02-13 08:28:25] EDIT Apolo/views/layout.html: 8
[2017-02-13 08:50:41] EDIT Apolo/views/layout.html: 0
[2017-02-13 09:03:13] EDIT Apolo/views/layout.html: 7
[2017-02-13 09:03:15] EDIT Apolo/views/layout.html: 0
[2017-02-13 09:05:09] EDIT Apolo/views/layout.html: 1
[2017-02-13 09:05:50] EDIT Apolo/views/layout.html: 0
[2017-02-13 09:05:53] EDIT Apolo/views/layout.html: 0
[2017-02-13 09:07:13] EDIT Apolo/views/layout.html: 0
[2017-02-13 09:07:44] EDIT Apolo/views/layout.html: 0
[2017-02-13 09:07:46] EDIT Apolo/views/layout.html: 0
[2017-02-13 13:04:07] CREATE perfilth.html: 0
[2017-02-13 13:06:03] EDIT Apolo/views/layout.html: 0
[2017-02-13 13:06:59] EDIT Apolo/views/layout.html: 0
[2017-02-13 13:07:33] EDIT Apolo/views/layout.html: 0
[2017-02-13 13:11:55] EDIT Apolo/views/default/index.html: 2
[2017-02-13 13:13:01] EDIT Apolo/views/default/index.html: 0
[2017-02-13 13:17:21] EDIT Apolo/views/default/index.html: 0
[2017-02-13 13:21:06] EDIT Apolo/views/default/index.html: 2
[2017-02-13 13:25:02] EDIT Apolo/views/perfilth.html: 2
[2017-02-13 13:50:48] EDIT Apolo/views/default/index.html: 0
[2017-02-13 14:15:35] EDIT Apolo/views/default/index.html: 0
[2017-02-13 14:17:48] EDIT Apolo/views/default/index.html: 0
[2017-02-13 14:18:36] EDIT Apolo/views/default/index.html: 0
[2017-02-13 14:19:11] EDIT Apolo/views/default/index.html: 0
[2017-02-13 14:19:36] EDIT Apolo/views/default/index.html: 0
[2017-02-13 14:20:12] EDIT Apolo/views/default/index.html: 0
[2017-02-13 14:20:51] EDIT Apolo/views/default/index.html: 0
[2017-02-13 14:25:58] EDIT Apolo/views/default/index.html: 0
[2017-02-13 14:27:03] EDIT Apolo/views/default/index.html: 0
[2017-02-13 14:28:26] EDIT Apolo/views/default/index.html: 0
[2017-02-13 14:29:36] EDIT Apolo/views/default/index.html: 0
[2017-02-13 14:31:28] EDIT Apolo/views/default/index.html: 1
[2017-02-13 14:33:53] EDIT Apolo/views/default/index.html: 0
[2017-02-13 14:34:17] EDIT Apolo/views/default/index.html: 0
[2017-02-13 14:36:02] EDIT Apolo/views/default/index.html: -3
[2017-02-13 14:38:06] EDIT Apolo/views/default/index.html: -2
[2017-02-13 14:41:32] EDIT Apolo/views/default/index.html: 0
[2017-02-13 14:43:25] EDIT Apolo/views/default/index.html: 0
[2017-02-13 14:43:26] EDIT Apolo/views/default/index.html: 0
[2017-02-13 14:43:37] EDIT Apolo/views/default/index.html: 0
[2017-02-13 14:44:36] EDIT Apolo/views/default/index.html: 0
[2017-02-13 14:45:04] EDIT Apolo/views/default/index.html: 0
[2017-02-13 14:45:25] EDIT Apolo/views/default/index.html: 0
[2017-02-13 14:46:14] EDIT Apolo/views/default/index.html: 0
[2017-02-13 14:46:42] EDIT Apolo/views/default/index.html: 0
[2017-02-13 14:47:47] EDIT Apolo/views/default/index.html: 0
[2017-02-13 14:47:53] EDIT Apolo/views/default/index.html: 0
[2017-02-13 14:47:55] EDIT Apolo/views/default/index.html: 0
[2017-02-13 14:48:06] EDIT Apolo/views/default/index.html: 0
[2017-02-13 14:49:23] EDIT Apolo/views/default/index.html: 0
[2017-02-13 14:51:06] EDIT Apolo/views/default/index.html: 0
[2017-02-13 14:52:55] EDIT Apolo/views/default/index.html: 0
[2017-02-13 15:03:13] EDIT Apolo/views/layout.html: 0
[2017-02-13 15:05:49] EDIT Apolo/views/default/index.html: 0
[2017-02-13 15:05:55] EDIT Apolo/views/default/index.html: 0
[2017-02-13 15:14:33] EDIT Apolo/views/default/index.html: 6
[2017-02-13 15:19:31] EDIT Apolo/views/default/index.html: 0
[2017-02-13 15:21:36] EDIT Apolo/views/default/index.html: 0
[2017-02-13 15:26:24] EDIT Apolo/views/default/index.html: 0
[2017-02-13 15:26:29] EDIT Apolo/views/default/index.html: 0
[2017-02-13 15:27:17] EDIT Apolo/views/default/index.html: 0
[2017-02-13 15:29:48] EDIT Apolo/views/perfilth.html: 8
[2017-02-13 15:31:57] EDIT Apolo/views/perfilth.html: 3
[2017-02-13 15:35:54] EDIT Apolo/controllers/default.py: 2
[2017-02-13 15:37:00] EDIT Apolo/controllers/default.py: 0
[2017-02-13 15:37:31] EDIT Apolo/controllers/default.py: 0
[2017-02-13 15:44:42] EDIT Apolo/controllers/default.py: 1
[2017-02-13 15:44:44] EDIT Apolo/controllers/default.py: 0
[2017-02-13 15:45:10] EDIT Apolo/controllers/default.py: 0
[2017-02-13 15:46:20] EDIT Apolo/controllers/default.py: 0
[2017-02-13 15:47:37] EDIT Apolo/controllers/default.py: 0
[2017-02-13 15:57:24] EDIT Apolo/controllers/default.py: 0
[2017-02-13 16:10:24] EDIT Apolo/views/default/index.html: -6
[2017-02-13 16:18:16] EDIT Apolo/views/default/index.html: 9
[2017-02-13 16:19:59] EDIT Apolo/views/default/index.html: 0
[2017-02-13 16:21:04] EDIT Apolo/views/default/index.html: 0
[2017-02-13 16:21:21] EDIT Apolo/views/default/index.html: 2
[2017-02-13 16:22:01] EDIT Apolo/views/default/index.html: 2
[2017-02-13 16:24:06] EDIT Apolo/controllers/default.py: -1
[2017-02-13 16:30:56] EDIT Apolo/views/default/perfilth.html: 1
[2017-02-13 16:31:59] EDIT Apolo/views/layout.html: 1
[2017-02-13 16:32:25] EDIT Apolo/views/default/perfilth.html: 0
[2017-02-13 16:33:03] EDIT Apolo/views/layout.html: 0
[2017-02-13 16:34:13] EDIT Apolo/views/default/perfilth.html: 0
[2017-02-13 16:35:12] EDIT Apolo/views/default/perfilth.html: 5
[2017-02-13 16:39:13] EDIT Apolo/views/layout.html: -4
[2017-02-13 16:47:04] EDIT Apolo/views/default/perfilth.html: 0
[2017-02-13 16:47:37] EDIT Apolo/views/layout.html: 0
[2017-02-13 16:50:32] EDIT Apolo/views/default/index.html: -7
[2017-02-13 16:51:33] EDIT Apolo/views/default/index.html: 0
[2017-02-13 16:54:24] EDIT Apolo/views/layout.html: 0
[2017-02-13 16:55:05] EDIT Apolo/views/default/index.html: 0
[2017-02-13 16:55:38] EDIT Apolo/views/default/perfilth.html: 0
[2017-02-13 17:04:19] EDIT Apolo/views/default/index.html: 0
[2017-02-13 17:07:15] EDIT Apolo/views/default/index.html: 0
[2017-02-13 17:08:31] EDIT Apolo/views/default/perfilth.html: 2
[2017-02-13 17:10:06] EDIT Apolo/views/default/perfilth.html: 2
[2017-02-13 17:10:16] EDIT Apolo/views/default/perfilth.html: 0
[2017-02-13 17:11:00] EDIT Apolo/views/default/perfilth.html: 0
[2017-02-13 17:13:17] EDIT Apolo/views/default/perfilth.html: 1
[2017-02-13 17:13:33] EDIT Apolo/views/default/perfilth.html: 0
[2017-02-13 17:14:03] EDIT Apolo/views/default/perfilth.html: 3
[2017-02-13 17:14:24] EDIT Apolo/views/default/perfilth.html: 0
[2017-02-13 17:16:31] EDIT Apolo/views/default/perfilth.html: 3
[2017-02-13 17:17:23] EDIT Apolo/views/default/perfilth.html: 0
[2017-02-13 17:17:56] EDIT Apolo/views/default/perfilth.html: 5
[2017-02-13 17:17:57] EDIT Apolo/views/default/perfilth.html: 0
[2017-02-13 17:18:05] EDIT Apolo/views/default/perfilth.html: 0
[2017-02-13 17:19:03] EDIT Apolo/views/default/index.html: 0
[2017-02-13 17:19:11] EDIT Apolo/views/default/perfilth.html: 0
[2017-02-13 17:19:45] EDIT Apolo/views/default/perfilth.html: 2
[2017-02-13 17:20:02] EDIT Apolo/views/default/index.html: -2
[2017-02-13 17:20:32] EDIT Apolo/views/default/perfilth.html: 0
[2017-02-13 17:35:22] EDIT Apolo/views/default/index.html: 2
[2017-02-13 17:38:22] EDIT Apolo/views/layout.html: 0
[2017-02-13 17:39:19] EDIT Apolo/views/layout.html: 0
[2017-02-13 17:39:41] EDIT Apolo/views/default/index.html: 0
[2017-02-13 19:03:43] EDIT Apolo/views/default/index.html: 0
[2017-02-13 19:04:32] EDIT Apolo/views/default/perfilth.html: 0
[2017-02-13 19:05:27] EDIT Apolo/views/default/index.html: 0
[2017-02-13 19:06:05] EDIT Apolo/views/default/perfilth.html: 0
[2017-02-13 19:06:40] EDIT Apolo/views/default/index.html: 0
[2017-02-13 19:07:52] EDIT Apolo/views/default/index.html: 0
[2017-02-13 19:08:05] EDIT Apolo/views/default/index.html: 0
[2017-02-13 19:08:31] EDIT Apolo/views/default/index.html: 0
[2017-02-13 19:08:55] EDIT Apolo/views/default/index.html: 0
[2017-02-13 19:09:10] EDIT Apolo/views/default/index.html: 0
[2017-02-13 19:09:36] EDIT Apolo/views/default/index.html: 0
[2017-02-13 19:24:53] EDIT Apolo/views/default/perfilth.html: 0
[2017-02-13 19:25:47] EDIT Apolo/views/default/perfilth.html: 0
[2017-02-13 19:26:22] EDIT Apolo/views/default/perfilth.html: 0
[2017-02-13 19:27:19] EDIT Apolo/views/default/perfilth.html: 0
[2017-02-13 19:28:51] EDIT Apolo/views/default/perfilth.html: 0
[2017-02-13 19:29:27] EDIT Apolo/views/default/perfilth.html: 0
[2017-02-13 19:29:32] EDIT Apolo/views/default/perfilth.html: 0
[2017-02-13 19:30:11] EDIT Apolo/views/default/perfilth.html: 0
[2017-02-13 19:31:44] EDIT Apolo/views/default/perfilth.html: 0
[2017-02-13 19:39:32] EDIT Apolo/views/default/perfilth.html: 1
[2017-02-13 20:07:12] EDIT Apolo/views/default/index.html: 3
[2017-02-13 20:07:13] EDIT Apolo/views/default/index.html: 0
[2017-02-13 20:08:05] EDIT Apolo/views/default/index.html: 2
[2017-02-13 20:08:29] EDIT Apolo/views/default/index.html: 2
[2017-02-13 20:08:50] EDIT Apolo/views/default/index.html: 0
[2017-02-13 20:10:00] EDIT Apolo/views/default/perfilth.html: 1
[2017-02-13 20:10:01] EDIT Apolo/views/default/perfilth.html: 0
[2017-02-13 20:10:18] EDIT Apolo/views/default/perfilth.html: -1
[2017-02-13 20:10:28] EDIT Apolo/views/default/index.html: 1
[2017-02-13 20:10:38] EDIT Apolo/views/default/index.html: 0
[2017-02-13 20:10:57] EDIT Apolo/views/default/index.html: 1
[2017-02-13 20:11:16] EDIT Apolo/views/default/index.html: 1
[2017-02-13 20:11:22] EDIT Apolo/views/default/index.html: 0
[2017-02-13 20:11:23] EDIT Apolo/views/default/index.html: 0
[2017-02-13 20:11:44] EDIT Apolo/views/default/index.html: 1
[2017-02-13 20:12:08] EDIT Apolo/views/default/index.html: 2
[2017-02-13 20:12:15] EDIT Apolo/views/default/index.html: 0
[2017-02-13 20:13:11] EDIT Apolo/views/default/index.html: 3
[2017-02-13 20:13:46] EDIT Apolo/views/default/index.html: 3
[2017-02-13 20:13:55] EDIT Apolo/views/default/index.html: 3
[2017-02-13 20:13:55] EDIT Apolo/views/default/index.html: 0
[2017-02-13 20:14:13] EDIT Apolo/views/default/index.html: 1
[2017-02-13 20:14:15] EDIT Apolo/views/default/index.html: 0
[2017-02-13 20:14:18] EDIT Apolo/views/default/index.html: 0
[2017-02-13 20:14:31] EDIT Apolo/views/default/index.html: 1
[2017-02-13 20:14:37] EDIT Apolo/views/default/index.html: 1
[2017-02-13 20:14:37] EDIT Apolo/views/default/index.html: 0
[2017-02-13 20:15:00] EDIT Apolo/views/default/index.html: 0
[2017-02-13 20:17:10] EDIT Apolo/views/default/index.html: 0
[2017-02-13 20:19:50] EDIT Apolo/views/default/index.html: 0
[2017-02-13 20:19:55] EDIT Apolo/views/default/index.html: 0
[2017-02-13 20:22:33] EDIT Apolo/views/layout.html: 0
[2017-02-13 20:22:42] EDIT Apolo/views/layout.html: 0
[2017-02-13 20:23:00] EDIT Apolo/views/layout.html: 0
[2017-02-13 20:39:45] EDIT Apolo/views/default/index.html: 0
[2017-02-13 20:39:47] EDIT Apolo/views/default/index.html: 0
[2017-02-13 20:50:25] EDIT Apolo/views/default/index.html: 0
[2017-02-13 20:50:33] EDIT Apolo/views/default/index.html: 0
[2017-02-13 20:50:33] EDIT Apolo/views/default/index.html: 0
[2017-02-13 20:51:44] EDIT Apolo/views/layout.html: 0
[2017-02-13 20:51:46] EDIT Apolo/views/layout.html: 0
[2017-02-13 20:51:46] EDIT Apolo/views/layout.html: 0
[2017-02-13 20:52:22] EDIT Apolo/views/layout.html: 0
[2017-02-13 20:52:38] EDIT Apolo/views/layout.html: 0
[2017-02-13 20:52:39] EDIT Apolo/views/layout.html: 0
[2017-02-13 20:52:51] EDIT Apolo/views/layout.html: 0
[2017-02-13 20:53:07] EDIT Apolo/views/layout.html: 0
[2017-02-13 20:53:50] EDIT Apolo/views/layout.html: 0
[2017-02-13 20:54:13] EDIT Apolo/views/layout.html: 2
[2017-02-13 20:54:43] EDIT Apolo/views/layout.html: 0
[2017-02-13 20:54:46] EDIT Apolo/views/layout.html: -2
[2017-02-13 20:54:46] EDIT Apolo/views/layout.html: 0
[2017-02-13 20:55:11] EDIT Apolo/views/layout.html: 0
[2017-02-13 20:58:01] EDIT Apolo/views/layout.html: 8
[2017-02-13 20:59:27] EDIT Apolo/views/layout.html: -13
[2017-02-13 20:59:27] EDIT Apolo/views/layout.html: 0
[2017-02-13 20:59:59] EDIT Apolo/views/layout.html: 1
[2017-02-13 21:00:04] EDIT Apolo/views/layout.html: 0
[2017-02-13 21:00:28] EDIT Apolo/views/layout.html: 0
[2017-02-13 21:00:29] EDIT Apolo/views/layout.html: 0
[2017-02-13 21:01:06] EDIT Apolo/views/layout.html: 0
[2017-02-13 21:01:24] EDIT Apolo/views/layout.html: 0
[2017-02-13 21:05:01] EDIT Apolo/views/default/perfilth.html: 0
[2017-02-13 21:05:05] EDIT Apolo/views/default/perfilth.html: 0
[2017-02-13 21:05:12] EDIT Apolo/views/default/perfilth.html: 0
[2017-02-13 21:05:15] EDIT Apolo/views/default/perfilth.html: 0
[2017-02-13 21:05:21] EDIT Apolo/views/default/perfilth.html: 0
[2017-02-13 21:05:59] EDIT Apolo/views/default/perfilth.html: 0
[2017-02-13 21:06:02] EDIT Apolo/views/default/perfilth.html: 0
[2017-02-13 21:06:26] EDIT Apolo/views/default/perfilth.html: 0
[2017-02-13 21:08:51] EDIT Apolo/views/layout.html: 0
[2017-02-13 21:10:00] EDIT Apolo/views/default/perfilth.html: 0
[2017-02-13 21:10:17] EDIT Apolo/views/default/perfilth.html: 0
[2017-02-13 21:10:47] EDIT Apolo/views/default/perfilth.html: 0
[2017-02-13 21:10:53] EDIT Apolo/views/default/perfilth.html: 0
[2017-02-13 21:12:03] EDIT Apolo/views/default/perfilth.html: 0
[2017-02-13 21:12:18] EDIT Apolo/views/default/perfilth.html: 0
[2017-02-13 21:12:20] EDIT Apolo/views/default/perfilth.html: 0
[2017-02-13 21:12:30] EDIT Apolo/views/default/perfilth.html: 0
[2017-02-13 21:12:30] EDIT Apolo/views/default/perfilth.html: 0
[2017-02-13 21:12:36] EDIT Apolo/views/default/perfilth.html: 0
[2017-02-13 21:12:36] EDIT Apolo/views/default/perfilth.html: 0
[2017-02-13 21:12:41] EDIT Apolo/views/default/perfilth.html: 0
[2017-02-13 21:13:01] EDIT Apolo/views/default/index.html: 0
[2017-02-13 21:13:07] EDIT Apolo/views/default/perfilth.html: 0
[2017-02-13 21:13:07] EDIT Apolo/views/default/perfilth.html: 0
[2017-02-13 21:13:38] EDIT Apolo/views/default/perfilth.html: 0
[2017-02-13 21:13:48] EDIT Apolo/views/default/perfilth.html: 0
[2017-02-13 21:13:53] EDIT Apolo/views/default/perfilth.html: 0
[2017-02-13 21:14:39] EDIT Apolo/views/default/perfilth.html: 0
[2017-02-13 21:14:39] EDIT Apolo/views/default/perfilth.html: 0
[2017-02-13 21:14:40] EDIT Apolo/views/default/perfilth.html: 0
[2017-02-13 21:16:21] EDIT Apolo/views/default/index.html: 0
[2017-02-13 21:16:23] EDIT Apolo/views/default/index.html: 0
[2017-02-13 21:16:35] EDIT Apolo/views/default/index.html: 0
[2017-02-13 21:16:41] EDIT Apolo/views/default/index.html: 0
[2017-02-13 21:16:48] EDIT Apolo/views/default/index.html: 0
[2017-02-13 21:17:48] EDIT Apolo/views/default/perfilth.html: 0
[2017-02-13 21:18:20] EDIT Apolo/views/default/perfilth.html: 0
[2017-02-13 21:18:27] EDIT Apolo/views/default/perfilth.html: 0
[2017-02-13 21:18:37] EDIT Apolo/views/default/perfilth.html: 0
[2017-02-13 21:18:45] EDIT Apolo/views/default/perfilth.html: 0
[2017-02-13 21:18:47] EDIT Apolo/views/default/perfilth.html: 0
[2017-02-13 21:21:37] EDIT Apolo/views/default/perfilth.html: 0
[2017-02-13 21:21:38] EDIT Apolo/views/default/perfilth.html: 0
[2017-02-13 21:22:33] EDIT Apolo/views/default/perfilth.html: -6
[2017-02-13 21:23:45] EDIT Apolo/views/default/perfilth.html: 0
[2017-02-13 21:24:01] EDIT Apolo/views/default/perfilth.html: 0
[2017-02-13 21:24:09] EDIT Apolo/views/default/perfilth.html: 0
[2017-02-13 21:25:06] EDIT Apolo/views/default/perfilth.html: 0
[2017-02-13 21:25:36] EDIT Apolo/views/default/perfilth.html: 4
[2017-02-13 21:26:04] EDIT Apolo/views/default/index.html: -3
[2017-02-13 21:27:02] EDIT Apolo/views/default/index.html: -4
[2017-02-13 21:27:03] EDIT Apolo/views/default/index.html: 0
[2017-02-13 21:27:17] EDIT Apolo/views/default/index.html: 0
[2017-02-13 21:27:27] EDIT Apolo/views/default/index.html: 0
[2017-02-13 21:27:32] EDIT Apolo/views/default/index.html: 0
[2017-02-13 21:27:44] EDIT Apolo/views/default/index.html: -2
[2017-02-13 21:27:47] EDIT Apolo/views/default/index.html: -1
[2017-02-13 21:27:50] EDIT Apolo/views/default/index.html: 0
[2017-02-13 21:27:50] EDIT Apolo/views/default/index.html: 0
[2017-02-13 21:27:50] EDIT Apolo/views/default/index.html: 0
[2017-02-13 21:28:22] EDIT Apolo/views/default/perfilth.html: -9
[2017-02-13 21:28:33] EDIT Apolo/views/default/perfilth.html: -3
[2017-02-13 21:30:18] EDIT Apolo/views/default/index.html: 6
[2017-02-13 21:30:25] EDIT Apolo/views/default/index.html: 1
[2017-02-13 21:30:38] EDIT Apolo/views/default/index.html: 0
[2017-02-13 21:31:56] EDIT Apolo/views/default/perfilth.html: 0
[2017-02-13 21:32:15] EDIT Apolo/views/default/index.html: 0
[2017-02-13 21:32:32] EDIT Apolo/views/default/perfilth.html: 0
[2017-02-13 21:32:41] EDIT Apolo/views/default/perfilth.html: 0
[2017-02-13 21:32:48] EDIT Apolo/views/default/perfilth.html: 0
[2017-02-13 21:33:31] EDIT Apolo/views/layout.html: 0
[2017-02-13 21:33:31] EDIT Apolo/views/layout.html: 0
[2017-02-13 21:33:56] EDIT Apolo/views/default/index.html: 0
[2017-02-13 21:34:13] EDIT Apolo/views/default/index.html: 0
[2017-02-13 21:34:20] EDIT Apolo/views/default/index.html: 0
[2017-02-13 21:35:06] EDIT Apolo/views/default/perfilth.html: 0
[2017-02-13 21:35:33] EDIT Apolo/views/layout.html: 0
[2017-02-13 21:36:24] EDIT Apolo/views/layout.html: 0
[2017-02-13 21:36:44] EDIT Apolo/views/layout.html: 0
[2017-02-13 21:37:41] EDIT Apolo/views/default/index.html: 0
[2017-02-13 21:37:41] EDIT Apolo/views/default/index.html: 0
[2017-02-13 21:37:53] EDIT Apolo/views/default/index.html: 0
[2017-02-13 21:37:58] EDIT Apolo/views/default/index.html: 0
[2017-02-13 21:37:59] EDIT Apolo/views/default/index.html: 0
[2017-02-13 21:38:15] EDIT Apolo/views/default/perfilth.html: 0
[2017-02-13 21:38:20] EDIT Apolo/views/default/perfilth.html: 0
[2017-02-13 21:38:31] EDIT Apolo/views/default/index.html: 0
[2017-02-13 21:39:33] EDIT Apolo/views/default/index.html: 0
[2017-02-13 21:39:40] EDIT Apolo/views/default/index.html: 0
[2017-02-13 21:39:59] EDIT Apolo/views/default/index.html: 0
[2017-02-13 21:40:45] EDIT Apolo/views/default/index.html: 0
[2017-02-13 21:41:39] EDIT Apolo/views/default/index.html: 0
[2017-02-13 21:42:46] EDIT Apolo/views/layout.html: -1
[2017-02-13 21:42:46] EDIT Apolo/views/layout.html: 0
[2017-02-13 21:44:37] EDIT Apolo/views/layout.html: 0
[2017-02-13 21:44:39] EDIT Apolo/views/layout.html: 0
[2017-02-13 21:45:01] EDIT Apolo/views/layout.html: 0
[2017-02-13 21:45:21] EDIT Apolo/views/layout.html: 0
[2017-02-13 21:45:52] EDIT Apolo/views/layout.html: 0
[2017-02-13 21:46:20] EDIT Apolo/views/layout.html: 0
[2017-02-13 21:46:21] EDIT Apolo/views/layout.html: 0
[2017-02-13 21:48:22] EDIT Apolo/views/default/index.html: 0
[2017-02-13 21:51:30] EDIT Apolo/views/default/index.html: 0
[2017-02-13 21:51:32] EDIT Apolo/views/default/index.html: 0
[2017-02-13 21:52:18] EDIT Apolo/views/default/index.html: 0
[2017-02-13 21:52:38] EDIT Apolo/views/default/index.html: 0
[2017-02-13 21:53:08] EDIT Apolo/views/default/index.html: 0
[2017-02-13 21:53:47] EDIT Apolo/views/default/perfilth.html: 0
[2017-02-13 21:54:02] EDIT Apolo/views/default/perfilth.html: 0
[2017-02-13 21:54:18] EDIT Apolo/views/default/perfilth.html: 0
[2017-02-13 21:54:29] EDIT Apolo/views/default/perfilth.html: 0
[2017-02-13 21:54:29] EDIT Apolo/views/default/perfilth.html: 0
[2017-02-13 21:55:44] EDIT Apolo/views/default/perfilth.html: 4
[2017-02-13 21:55:46] EDIT Apolo/views/default/perfilth.html: 0
[2017-02-13 21:57:02] EDIT Apolo/views/default/perfilth.html: 1
[2017-02-13 21:57:04] EDIT Apolo/views/default/perfilth.html: 0
[2017-02-13 21:57:19] EDIT Apolo/views/default/perfilth.html: -4
[2017-02-13 21:57:19] EDIT Apolo/views/default/perfilth.html: 0
[2017-02-13 21:57:36] EDIT Apolo/views/default/perfilth.html: 1
[2017-02-13 21:57:38] EDIT Apolo/views/default/perfilth.html: 0
[2017-02-13 21:57:42] EDIT Apolo/views/default/perfilth.html: 0
[2017-02-13 21:57:47] EDIT Apolo/views/default/perfilth.html: 0
[2017-02-13 21:57:49] EDIT Apolo/views/default/perfilth.html: 0
[2017-02-13 21:57:59] EDIT Apolo/views/default/perfilth.html: 1
[2017-02-13 21:57:59] EDIT Apolo/views/default/perfilth.html: 0
[2017-02-13 22:02:03] EDIT Apolo/views/default/perfilth.html: 2
[2017-02-13 22:02:31] EDIT Apolo/views/default/perfilth.html: 2
[2017-02-13 22:02:34] EDIT Apolo/views/default/perfilth.html: 0
[2017-02-13 22:03:25] EDIT Apolo/views/default/perfilth.html: 4
[2017-02-13 22:03:27] EDIT Apolo/views/default/perfilth.html: 0
[2017-02-13 22:03:57] EDIT Apolo/views/default/perfilth.html: -4
[2017-02-13 22:04:07] EDIT Apolo/views/default/perfilth.html: -2
[2017-02-13 22:04:13] EDIT Apolo/views/default/perfilth.html: 0
[2017-02-13 22:04:14] EDIT Apolo/views/default/perfilth.html: 0
[2017-02-13 22:04:45] EDIT Apolo/views/default/perfilth.html: 0
[2017-02-13 22:04:52] EDIT Apolo/views/default/perfilth.html: 0
[2017-02-13 22:05:57] EDIT Apolo/views/default/perfilth.html: 0
[2017-02-13 22:06:08] EDIT Apolo/views/default/perfilth.html: 0
[2017-02-13 22:06:27] EDIT Apolo/views/default/perfilth.html: 2
[2017-02-13 22:22:52] EDIT Apolo/views/default/index.html: -4
[2017-02-13 22:23:41] EDIT Apolo/views/default/index.html: 0
[2017-02-13 22:23:50] EDIT Apolo/views/default/index.html: 0
[2017-02-13 22:31:46] EDIT Apolo/views/default/perfilth.html: 0
[2017-02-13 22:36:02] EDIT Apolo/views/default/perfilth.html: 2
[2017-02-13 22:36:05] EDIT Apolo/views/default/perfilth.html: 0
[2017-02-13 22:36:22] EDIT Apolo/views/default/perfilth.html: -1
[2017-02-13 22:37:02] EDIT Apolo/views/default/perfilth.html: 3
[2017-02-13 22:37:38] EDIT Apolo/views/default/perfilth.html: 1
[2017-02-13 22:37:42] EDIT Apolo/views/default/perfilth.html: 0
[2017-02-13 22:37:42] EDIT Apolo/views/default/perfilth.html: 0
[2017-02-13 22:38:07] EDIT Apolo/views/default/perfilth.html: -2
[2017-02-13 22:38:09] EDIT Apolo/views/default/perfilth.html: 0
[2017-02-13 22:38:29] EDIT Apolo/views/default/perfilth.html: 0
[2017-02-13 22:39:26] EDIT Apolo/views/default/perfilth.html: 4
[2017-02-13 22:39:34] EDIT Apolo/views/default/perfilth.html: 0
[2017-02-13 22:42:19] EDIT Apolo/views/default/perfilth.html: -8
[2017-02-13 22:42:23] EDIT Apolo/views/default/perfilth.html: 0
[2017-02-13 22:43:18] EDIT Apolo/views/default/perfilth.html: 6
[2017-02-13 22:43:34] EDIT Apolo/views/default/perfilth.html: 1
[2017-02-13 22:44:20] EDIT Apolo/views/default/perfilth.html: 1
[2017-02-13 22:44:43] EDIT Apolo/views/default/perfilth.html: 0
[2017-02-13 22:44:45] EDIT Apolo/views/default/perfilth.html: 0
[2017-02-13 22:44:47] EDIT Apolo/views/default/perfilth.html: 0
[2017-02-13 22:45:30] EDIT Apolo/views/default/perfilth.html: -9
[2017-02-13 22:45:31] EDIT Apolo/views/default/perfilth.html: 0
[2017-02-13 22:49:30] EDIT Apolo/views/default/perfilth.html: 9
[2017-02-13 22:49:31] EDIT Apolo/views/default/perfilth.html: 0
[2017-02-13 22:49:31] EDIT Apolo/views/default/perfilth.html: 0
[2017-02-13 22:50:08] EDIT Apolo/views/default/perfilth.html: 2
[2017-02-13 22:50:16] EDIT Apolo/views/default/perfilth.html: 0
[2017-02-13 22:50:21] EDIT Apolo/views/default/perfilth.html: -4
[2017-02-13 22:50:24] EDIT Apolo/views/default/perfilth.html: 4
[2017-02-13 22:50:41] EDIT Apolo/views/default/perfilth.html: 0
[2017-02-13 22:50:50] EDIT Apolo/views/default/perfilth.html: 1
[2017-02-13 22:51:01] EDIT Apolo/views/default/perfilth.html: 0
[2017-02-13 22:51:03] EDIT Apolo/views/default/perfilth.html: 0
[2017-02-13 22:51:46] EDIT Apolo/views/default/perfilth.html: 1
[2017-02-13 22:52:44] EDIT Apolo/views/default/perfilth.html: 0
[2017-02-13 22:53:11] EDIT Apolo/views/default/perfilth.html: 0
[2017-02-13 22:53:12] EDIT Apolo/views/default/perfilth.html: 0
[2017-02-13 22:54:57] EDIT Apolo/views/default/perfilth.html: 6
[2017-02-13 22:55:08] EDIT Apolo/views/default/perfilth.html: 0
[2017-02-13 22:55:51] EDIT Apolo/views/default/perfilth.html: 0
[2017-02-13 22:56:00] EDIT Apolo/views/default/perfilth.html: 0
[2017-02-13 22:57:23] EDIT Apolo/views/default/perfilth.html: 0
[2017-02-13 22:57:33] EDIT Apolo/views/default/perfilth.html: 0
[2017-02-13 22:57:44] EDIT Apolo/views/default/perfilth.html: 0
[2017-02-13 22:58:00] EDIT Apolo/views/default/perfilth.html: 1
[2017-02-13 22:58:39] EDIT Apolo/views/default/perfilth.html: 0
[2017-02-13 22:58:40] EDIT Apolo/views/default/perfilth.html: 0
[2017-02-13 22:58:40] EDIT Apolo/views/default/perfilth.html: 0
[2017-02-13 22:58:51] EDIT Apolo/views/default/perfilth.html: 1
[2017-02-13 22:58:56] EDIT Apolo/views/default/perfilth.html: 0
[2017-02-13 22:58:58] EDIT Apolo/views/default/perfilth.html: 0
[2017-02-13 22:59:36] EDIT Apolo/views/default/perfilth.html: 3
[2017-02-13 22:59:49] EDIT Apolo/views/default/perfilth.html: 0
[2017-02-13 22:59:54] EDIT Apolo/views/default/perfilth.html: 0
[2017-02-13 22:59:55] EDIT Apolo/views/default/perfilth.html: 0
[2017-02-13 22:59:56] EDIT Apolo/views/default/perfilth.html: 0
[2017-02-13 22:59:56] EDIT Apolo/views/default/perfilth.html: 0
[2017-02-13 22:59:59] EDIT Apolo/views/default/perfilth.html: 0
[2017-02-13 23:01:03] EDIT Apolo/views/default/perfilth.html: 0
[2017-02-13 23:01:27] EDIT Apolo/views/default/perfilth.html: 0
[2017-02-13 23:01:29] EDIT Apolo/views/default/perfilth.html: 0
[2017-02-13 23:01:58] EDIT Apolo/views/default/perfilth.html: 1
[2017-02-13 23:02:08] EDIT Apolo/views/default/perfilth.html: 0
[2017-02-13 23:02:27] EDIT Apolo/views/default/perfilth.html: 4
[2017-02-13 23:02:52] EDIT Apolo/views/default/perfilth.html: 0
[2017-02-13 23:03:00] EDIT Apolo/views/default/perfilth.html: 0
[2017-02-13 23:03:11] EDIT Apolo/views/default/perfilth.html: -1
[2017-02-13 23:03:30] EDIT Apolo/views/default/perfilth.html: 2
[2017-02-13 23:03:35] EDIT Apolo/views/default/perfilth.html: 0
[2017-02-13 23:03:45] EDIT Apolo/views/default/perfilth.html: 1
[2017-02-13 23:04:04] EDIT Apolo/views/default/perfilth.html: 1
[2017-02-13 23:04:55] EDIT Apolo/views/default/perfilth.html: 1
[2017-02-13 23:05:28] EDIT Apolo/views/default/perfilth.html: 4
[2017-02-13 23:05:30] EDIT Apolo/views/default/perfilth.html: 0
[2017-02-13 23:06:03] EDIT Apolo/views/default/perfilth.html: 0
[2017-02-13 23:06:13] EDIT Apolo/views/default/perfilth.html: 0
[2017-02-13 23:06:53] EDIT Apolo/views/default/perfilth.html: 1
[2017-02-13 23:07:22] EDIT Apolo/views/default/perfilth.html: 0
[2017-02-13 23:07:34] EDIT Apolo/views/default/perfilth.html: 2
[2017-02-13 23:08:07] EDIT Apolo/views/default/perfilth.html: 0
[2017-02-13 23:08:13] EDIT Apolo/views/default/perfilth.html: 0
[2017-02-13 23:08:14] EDIT Apolo/views/default/perfilth.html: 0
[2017-02-13 23:08:38] EDIT Apolo/views/default/perfilth.html: 4
[2017-02-13 23:09:22] EDIT Apolo/views/default/perfilth.html: 0
[2017-02-13 23:09:45] EDIT Apolo/views/default/perfilth.html: -2
[2017-02-13 23:09:46] EDIT Apolo/views/default/perfilth.html: 0
[2017-02-13 23:09:50] EDIT Apolo/views/default/perfilth.html: 0
[2017-02-13 23:09:51] EDIT Apolo/views/default/perfilth.html: 0
[2017-02-13 23:10:19] EDIT Apolo/views/default/perfilth.html: 0
[2017-02-13 23:10:20] EDIT Apolo/views/default/perfilth.html: 0
[2017-02-13 23:10:25] EDIT Apolo/views/default/perfilth.html: 0
[2017-02-14 08:26:57] CREATE layoutno.html: 0
[2017-02-14 08:28:22] CREATE indexno.html: 0
[2017-02-14 08:29:34] EDIT Apolo/controllers/default.py: 2
[2017-02-14 08:32:17] EDIT Apolo/controllers/default.py: 0
[2017-02-14 08:32:21] EDIT Apolo/controllers/default.py: 0
[2017-02-14 08:32:23] EDIT Apolo/controllers/default.py: 0
[2017-02-14 08:32:29] EDIT Apolo/controllers/default.py: 0
[2017-02-14 08:32:31] EDIT Apolo/controllers/default.py: 0
[2017-02-14 08:32:32] EDIT Apolo/controllers/default.py: 0
[2017-02-14 08:32:33] EDIT Apolo/controllers/default.py: 0
[2017-02-14 08:32:42] EDIT Apolo/controllers/default.py: 0
[2017-02-14 08:32:43] EDIT Apolo/controllers/default.py: 0
[2017-02-14 08:32:43] EDIT Apolo/controllers/default.py: 0
[2017-02-14 08:32:52] EDIT Apolo/controllers/default.py: 0
[2017-02-14 08:32:53] EDIT Apolo/controllers/default.py: 0
[2017-02-14 08:33:49] EDIT Apolo/views/default/indexno.html: 3
[2017-02-14 08:34:22] EDIT Apolo/views/default/indexno.html: 0
[2017-02-14 08:34:32] EDIT Apolo/views/default/indexno.html: -2
[2017-02-14 08:35:19] EDIT Apolo/views/default/indexno.html: 0
[2017-02-14 08:35:33] EDIT Apolo/views/default/indexno.html: 0
[2017-02-14 08:35:56] EDIT Apolo/views/default/indexno.html: -10
[2017-02-14 08:37:04] EDIT Apolo/views/default/indexno.html: 0
[2017-02-14 08:37:31] EDIT Apolo/views/default/indexno.html: -6
[2017-02-14 08:39:10] EDIT Apolo/views/default/indexno.html: -8
[2017-02-14 08:39:26] EDIT Apolo/views/default/indexno.html: 1
[2017-02-14 08:40:08] EDIT Apolo/views/default/indexno.html: -6
[2017-02-14 08:40:18] EDIT Apolo/views/default/indexno.html: 0
[2017-02-14 08:40:46] EDIT Apolo/views/default/indexno.html: 0
[2017-02-14 08:41:08] EDIT Apolo/views/default/indexno.html: 0
[2017-02-14 08:41:23] EDIT Apolo/views/default/indexno.html: 0
[2017-02-14 08:42:05] EDIT Apolo/views/default/indexno.html: 0
[2017-02-14 08:42:17] EDIT Apolo/views/default/indexno.html: 0
[2017-02-14 08:42:18] EDIT Apolo/views/default/indexno.html: 0
[2017-02-14 08:42:21] EDIT Apolo/views/default/indexno.html: 0
[2017-02-14 08:44:00] EDIT Apolo/views/default/indexno.html: 1
[2017-02-14 08:44:05] EDIT Apolo/views/default/indexno.html: 0
[2017-02-14 08:44:11] EDIT Apolo/views/default/indexno.html: 0
[2017-02-14 08:44:21] EDIT Apolo/views/default/indexno.html: 0
[2017-02-14 08:44:43] EDIT Apolo/views/default/indexno.html: 0
[2017-02-14 08:45:07] EDIT Apolo/views/default/indexno.html: 0
[2017-02-14 08:45:19] EDIT Apolo/views/default/indexno.html: 0
[2017-02-14 08:45:36] EDIT Apolo/views/default/indexno.html: 0
[2017-02-14 08:45:39] EDIT Apolo/views/default/indexno.html: 0
[2017-02-14 08:46:07] EDIT Apolo/views/default/indexno.html: 1
[2017-02-14 08:46:18] EDIT Apolo/views/default/indexno.html: 0
[2017-02-14 08:47:18] EDIT Apolo/views/default/indexno.html: 1
[2017-02-14 08:47:44] EDIT Apolo/views/default/indexno.html: 0
[2017-02-14 08:48:21] EDIT Apolo/views/default/indexno.html: 0
[2017-02-14 08:48:24] EDIT Apolo/views/default/indexno.html: 0
[2017-02-14 08:48:48] EDIT Apolo/views/default/indexno.html: 0
[2017-02-14 08:51:42] EDIT Apolo/views/default/indexno.html: 0
[2017-02-14 08:52:01] EDIT Apolo/views/default/indexno.html: 0
[2017-02-14 08:52:07] EDIT Apolo/views/default/indexno.html: -2
[2017-02-14 08:52:33] EDIT Apolo/views/default/indexno.html: 0
[2017-02-14 08:52:40] EDIT Apolo/views/default/indexno.html: 0
[2017-02-14 08:55:03] EDIT Apolo/views/default/indexno.html: 1
[2017-02-14 09:39:13] EDIT Apolo/views/default/indexno.html: 0
[2017-02-14 09:39:39] EDIT Apolo/views/default/indexno.html: 0
[2017-02-14 09:42:08] EDIT Apolo/views/default/indexno.html: 0
[2017-02-14 09:50:10] EDIT Apolo/views/default/indexno.html: 1
[2017-02-14 09:51:05] EDIT Apolo/views/default/indexno.html: 2
[2017-02-14 09:51:45] EDIT Apolo/views/default/indexno.html: 0
[2017-02-14 09:52:07] EDIT Apolo/views/default/indexno.html: 0
[2017-02-14 09:55:56] EDIT Apolo/views/default/indexno.html: 10
[2017-02-14 09:57:16] EDIT Apolo/views/default/indexno.html: 2
[2017-02-14 09:59:06] EDIT Apolo/views/default/indexno.html: -9
[2017-02-14 09:59:32] EDIT Apolo/views/default/indexno.html: 1
[2017-02-14 10:00:00] EDIT Apolo/views/default/indexno.html: 0
[2017-02-14 10:02:34] EDIT Apolo/views/default/indexno.html: -7
[2017-02-14 10:02:39] EDIT Apolo/views/default/indexno.html: 0
[2017-02-14 10:02:51] EDIT Apolo/views/default/indexno.html: 0
[2017-02-14 10:04:00] EDIT Apolo/views/default/indexno.html: 0
[2017-02-14 10:04:15] EDIT Apolo/views/default/indexno.html: 1
[2017-02-14 10:04:47] EDIT Apolo/views/default/indexno.html: -1
[2017-02-14 10:06:05] EDIT Apolo/views/default/indexno.html: 2
[2017-02-14 10:06:55] EDIT Apolo/views/default/indexno.html: 0
[2017-02-14 10:07:26] EDIT Apolo/views/default/indexno.html: 0
[2017-02-14 10:09:04] EDIT Apolo/views/default/indexno.html: 0
[2017-02-14 10:09:31] EDIT Apolo/views/default/indexno.html: -1
[2017-02-14 10:09:37] EDIT Apolo/views/default/indexno.html: 0
[2017-02-14 10:09:54] EDIT Apolo/views/default/indexno.html: 1
[2017-02-14 10:09:59] EDIT Apolo/views/default/indexno.html: 0
[2017-02-14 10:13:06] EDIT Apolo/views/default/indexno.html: 2
[2017-02-14 10:14:15] EDIT Apolo/views/default/indexno.html: 1
[2017-02-14 10:14:34] EDIT Apolo/views/default/indexno.html: 1
[2017-02-14 10:17:23] EDIT Apolo/views/default/indexno.html: 0
[2017-02-14 10:18:24] EDIT Apolo/views/default/indexno.html: 0
[2017-02-14 10:18:38] EDIT Apolo/views/default/indexno.html: -2
[2017-02-14 10:19:48] EDIT Apolo/views/default/indexno.html: -1
[2017-02-14 10:23:53] EDIT Apolo/views/default/indexno.html: 0
[2017-02-14 10:32:32] EDIT Apolo/views/default/indexno.html: 0
[2017-02-14 10:33:13] EDIT Apolo/views/default/indexno.html: 2
[2017-02-14 10:33:54] EDIT Apolo/views/default/indexno.html: 0
[2017-02-14 10:36:24] EDIT Apolo/views/default/indexno.html: 0
[2017-02-14 10:37:04] EDIT Apolo/views/default/indexno.html: 0
[2017-02-14 10:44:31] EDIT Apolo/views/default/indexno.html: 0
[2017-02-14 11:00:48] EDIT Apolo/views/default/indexno.html: 0
[2017-02-14 11:02:16] EDIT Apolo/views/default/indexno.html: -2
[2017-02-14 11:02:43] EDIT Apolo/views/default/indexno.html: 0
[2017-02-14 11:04:04] EDIT Apolo/views/default/indexno.html: 0
[2017-02-14 11:04:26] EDIT Apolo/views/default/indexno.html: -2
[2017-02-14 11:04:45] EDIT Apolo/views/default/indexno.html: 2
[2017-02-14 11:22:19] EDIT Apolo/views/default/indexno.html: 0
[2017-02-14 11:22:32] EDIT Apolo/views/default/indexno.html: 1
[2017-02-14 11:32:07] CREATE buscarth.html: 0
[2017-02-14 11:33:04] EDIT Apolo/views/layout.html: 2
[2017-02-14 11:33:05] EDIT Apolo/views/layout.html: 0
[2017-02-14 11:34:16] EDIT Apolo/views/layout.html: 0
[2017-02-14 12:31:40] EDIT Apolo/views/layout.html: 0
[2017-02-14 12:31:54] CREATE perfilmodt.html: 0
[2017-02-14 12:38:12] EDIT Apolo/views/layout.html: 1
[2017-02-14 12:38:46] EDIT Apolo/views/default/indexno.html: 0
[2017-02-14 12:57:57] EDIT Apolo/views/default/buscarth.html: 8
[2017-02-14 12:57:59] EDIT Apolo/views/default/buscarth.html: 0
[2017-02-14 12:59:19] EDIT Apolo/controllers/default.py: 4
[2017-02-14 13:02:17] EDIT Apolo/views/default/buscarth.html: 0
[2017-02-14 13:17:31] EDIT Apolo/views/layout.html: 0
[2017-02-14 13:23:08] EDIT Apolo/views/default/index.html: 0
[2017-02-14 13:23:36] EDIT Apolo/views/default/index.html: 0
[2017-02-14 13:24:43] EDIT Apolo/views/default/index.html: 1
[2017-02-14 13:26:27] EDIT Apolo/views/default/index.html: 0
[2017-02-14 13:26:43] EDIT Apolo/views/default/index.html: 0
[2017-02-14 13:27:03] EDIT Apolo/views/default/index.html: 0
[2017-02-14 13:27:24] EDIT Apolo/views/default/index.html: 0
[2017-02-14 13:29:09] EDIT Apolo/views/default/buscarth.html: 1
[2017-02-14 13:31:24] EDIT Apolo/views/layout.html: 1
[2017-02-14 13:31:37] EDIT Apolo/views/layout.html: -1
[2017-02-14 13:31:42] EDIT Apolo/views/default/index.html: 0
[2017-02-14 13:31:45] EDIT Apolo/views/default/buscarth.html: 0
[2017-02-14 13:32:09] EDIT Apolo/views/layout.html: 0
[2017-02-14 13:32:15] EDIT Apolo/views/default/buscarth.html: 0
[2017-02-14 13:32:19] EDIT Apolo/views/default/index.html: 0
[2017-02-14 13:52:07] EDIT Apolo/views/default/buscarth.html: 0
[2017-02-14 13:52:27] EDIT Apolo/views/default/buscarth.html: 0
[2017-02-14 13:52:31] EDIT Apolo/views/default/buscarth.html: 0
[2017-02-14 13:53:17] EDIT Apolo/views/default/buscarth.html: 1
[2017-02-14 13:53:49] EDIT Apolo/views/default/buscarth.html: 0
[2017-02-14 13:54:18] EDIT Apolo/views/default/buscarth.html: 0
[2017-02-14 13:54:42] EDIT Apolo/views/default/buscarth.html: 1
[2017-02-14 13:55:15] EDIT Apolo/views/default/buscarth.html: -1
[2017-02-14 13:56:16] EDIT Apolo/views/default/buscarth.html: 0
[2017-02-14 13:59:41] EDIT Apolo/views/default/buscarth.html: 0
[2017-02-14 14:01:37] EDIT Apolo/views/default/indexno.html: 0
[2017-02-14 14:02:22] EDIT Apolo/views/default/indexno.html: 0
[2017-02-14 14:08:09] EDIT Apolo/views/default/buscarth.html: 0
[2017-02-14 14:08:27] EDIT Apolo/views/default/buscarth.html: 0
[2017-02-14 14:08:38] EDIT Apolo/views/default/buscarth.html: 0
[2017-02-14 14:09:53] EDIT Apolo/views/default/buscarth.html: 0
[2017-02-14 14:10:08] EDIT Apolo/views/default/buscarth.html: 0
[2017-02-14 14:10:39] EDIT Apolo/views/default/buscarth.html: 0
[2017-02-14 14:11:04] EDIT Apolo/views/default/buscarth.html: 0
[2017-02-14 14:11:32] EDIT Apolo/views/default/buscarth.html: 0
[2017-02-14 14:12:28] EDIT Apolo/views/default/buscarth.html: 0
[2017-02-14 14:12:42] EDIT Apolo/views/default/buscarth.html: 0
[2017-02-14 14:12:53] EDIT Apolo/views/default/buscarth.html: 0
[2017-02-14 14:13:33] EDIT Apolo/views/default/buscarth.html: 0
[2017-02-14 14:20:39] EDIT Apolo/views/default/buscarth.html: 0
[2017-02-14 14:22:22] EDIT Apolo/views/default/buscarth.html: 0
[2017-02-14 14:23:00] EDIT Apolo/views/default/buscarth.html: 0
[2017-02-14 14:24:33] EDIT Apolo/views/default/buscarth.html: 2
[2017-02-14 14:24:54] EDIT Apolo/views/default/buscarth.html: 1
[2017-02-14 14:25:13] EDIT Apolo/views/default/buscarth.html: 0
[2017-02-14 14:26:45] EDIT Apolo/views/default/buscarth.html: 2
[2017-02-14 14:28:50] EDIT Apolo/views/default/buscarth.html: 0
[2017-02-14 14:29:18] EDIT Apolo/views/default/buscarth.html: 0
[2017-02-14 14:29:46] EDIT Apolo/views/default/buscarth.html: -2
[2017-02-14 14:35:03] EDIT Apolo/views/default/buscarth.html: 1
[2017-02-14 14:35:19] EDIT Apolo/views/default/buscarth.html: 1
[2017-02-14 14:36:46] EDIT Apolo/views/default/buscarth.html: 0
[2017-02-14 14:37:09] EDIT Apolo/views/default/buscarth.html: 0
[2017-02-14 14:37:33] EDIT Apolo/views/default/buscarth.html: 0
[2017-02-14 14:38:11] EDIT Apolo/views/default/buscarth.html: 0
[2017-02-14 14:38:29] EDIT Apolo/views/default/buscarth.html: 1
[2017-02-14 14:38:43] EDIT Apolo/views/default/buscarth.html: 0
[2017-02-14 14:39:02] EDIT Apolo/views/default/buscarth.html: -2
[2017-02-14 14:39:23] EDIT Apolo/views/default/buscarth.html: 0
[2017-02-14 14:39:39] EDIT Apolo/views/default/buscarth.html: -1
[2017-02-14 14:39:51] EDIT Apolo/views/default/buscarth.html: 1
[2017-02-14 14:41:32] EDIT Apolo/views/default/buscarth.html: 2
[2017-02-14 14:41:59] EDIT Apolo/views/default/buscarth.html: 0
[2017-02-14 14:42:01] EDIT Apolo/views/default/buscarth.html: 0
[2017-02-14 14:43:10] EDIT Apolo/views/default/buscarth.html: 0
[2017-02-14 14:43:38] EDIT Apolo/views/default/buscarth.html: 0
[2017-02-14 14:44:00] EDIT Apolo/views/default/buscarth.html: -2
[2017-02-14 14:44:19] EDIT Apolo/views/default/buscarth.html: -1
[2017-02-14 14:44:34] EDIT Apolo/views/default/buscarth.html: 1
[2017-02-14 14:44:42] EDIT Apolo/views/default/buscarth.html: 0
[2017-02-14 14:45:01] EDIT Apolo/views/default/buscarth.html: 0
[2017-02-14 14:45:06] EDIT Apolo/views/default/buscarth.html: 0
[2017-02-14 14:45:55] EDIT Apolo/views/default/buscarth.html: 0
[2017-02-14 14:46:05] EDIT Apolo/views/default/buscarth.html: 0
[2017-02-14 14:46:27] EDIT Apolo/views/default/buscarth.html: 0
[2017-02-14 14:46:37] EDIT Apolo/views/default/buscarth.html: 0
[2017-02-14 14:46:57] EDIT Apolo/views/default/buscarth.html: 0
[2017-02-14 14:48:53] EDIT Apolo/views/default/buscarth.html: 0
[2017-02-14 14:48:59] EDIT Apolo/views/default/buscarth.html: 0
[2017-02-14 14:49:28] EDIT Apolo/views/default/buscarth.html: 0
[2017-02-14 14:50:19] EDIT Apolo/views/default/buscarth.html: 0
[2017-02-14 14:51:33] EDIT Apolo/views/default/buscarth.html: 1
[2017-02-14 14:51:44] EDIT Apolo/views/default/buscarth.html: 1
[2017-02-14 14:52:29] EDIT Apolo/views/default/buscarth.html: 0
[2017-02-14 14:55:05] EDIT Apolo/views/default/buscarth.html: 0
[2017-02-14 14:55:43] EDIT Apolo/views/default/buscarth.html: 0
[2017-02-14 14:55:45] EDIT Apolo/views/default/buscarth.html: 0
[2017-02-14 15:16:05] EDIT Apolo/views/default/buscarth.html: 1
[2017-02-14 15:16:22] EDIT Apolo/views/default/buscarth.html: -1
[2017-02-14 15:16:26] EDIT Apolo/views/default/buscarth.html: 0
[2017-02-14 15:17:53] EDIT Apolo/views/default/indexno.html: 1
[2017-02-14 15:18:14] EDIT Apolo/views/default/indexno.html: 0
[2017-02-14 15:18:16] EDIT Apolo/views/default/indexno.html: 0
[2017-02-14 15:18:54] EDIT Apolo/views/default/indexno.html: 0
[2017-02-14 15:19:08] EDIT Apolo/views/default/indexno.html: 0
[2017-02-14 15:20:16] EDIT Apolo/views/default/indexno.html: 0
