[2017-02-13 08:22:00] START
[2017-02-13 08:28:25] EDIT Apolo/views/layout.html: 8
[2017-02-13 08:50:41] EDIT Apolo/views/layout.html: 0
[2017-02-13 09:03:13] EDIT Apolo/views/layout.html: 7
[2017-02-13 09:03:15] EDIT Apolo/views/layout.html: 0
[2017-02-13 09:05:09] EDIT Apolo/views/layout.html: 1
[2017-02-13 09:05:50] EDIT Apolo/views/layout.html: 0
[2017-02-13 09:05:53] EDIT Apolo/views/layout.html: 0
[2017-02-13 09:07:13] EDIT Apolo/views/layout.html: 0
[2017-02-13 09:07:44] EDIT Apolo/views/layout.html: 0
[2017-02-13 09:07:46] EDIT Apolo/views/layout.html: 0
[2017-02-13 13:04:07] CREATE perfilth.html: 0
[2017-02-13 13:06:03] EDIT Apolo/views/layout.html: 0
[2017-02-13 13:06:59] EDIT Apolo/views/layout.html: 0
[2017-02-13 13:07:33] EDIT Apolo/views/layout.html: 0
[2017-02-13 13:11:55] EDIT Apolo/views/default/index.html: 2
[2017-02-13 13:13:01] EDIT Apolo/views/default/index.html: 0
[2017-02-13 13:17:21] EDIT Apolo/views/default/index.html: 0
[2017-02-13 13:21:06] EDIT Apolo/views/default/index.html: 2
[2017-02-13 13:25:02] EDIT Apolo/views/perfilth.html: 2
[2017-02-13 13:50:48] EDIT Apolo/views/default/index.html: 0
[2017-02-13 14:15:35] EDIT Apolo/views/default/index.html: 0
[2017-02-13 14:17:48] EDIT Apolo/views/default/index.html: 0
[2017-02-13 14:18:36] EDIT Apolo/views/default/index.html: 0
[2017-02-13 14:19:11] EDIT Apolo/views/default/index.html: 0
[2017-02-13 14:19:36] EDIT Apolo/views/default/index.html: 0
[2017-02-13 14:20:12] EDIT Apolo/views/default/index.html: 0
[2017-02-13 14:20:51] EDIT Apolo/views/default/index.html: 0
[2017-02-13 14:25:58] EDIT Apolo/views/default/index.html: 0
[2017-02-13 14:27:03] EDIT Apolo/views/default/index.html: 0
[2017-02-13 14:28:26] EDIT Apolo/views/default/index.html: 0
[2017-02-13 14:29:36] EDIT Apolo/views/default/index.html: 0
[2017-02-13 14:31:28] EDIT Apolo/views/default/index.html: 1
[2017-02-13 14:33:53] EDIT Apolo/views/default/index.html: 0
[2017-02-13 14:34:17] EDIT Apolo/views/default/index.html: 0
[2017-02-13 14:36:02] EDIT Apolo/views/default/index.html: -3
[2017-02-13 14:38:06] EDIT Apolo/views/default/index.html: -2
[2017-02-13 14:41:32] EDIT Apolo/views/default/index.html: 0
[2017-02-13 14:43:25] EDIT Apolo/views/default/index.html: 0
[2017-02-13 14:43:26] EDIT Apolo/views/default/index.html: 0
[2017-02-13 14:43:37] EDIT Apolo/views/default/index.html: 0
[2017-02-13 14:44:36] EDIT Apolo/views/default/index.html: 0
[2017-02-13 14:45:04] EDIT Apolo/views/default/index.html: 0
[2017-02-13 14:45:25] EDIT Apolo/views/default/index.html: 0
[2017-02-13 14:46:14] EDIT Apolo/views/default/index.html: 0
[2017-02-13 14:46:42] EDIT Apolo/views/default/index.html: 0
[2017-02-13 14:47:47] EDIT Apolo/views/default/index.html: 0
[2017-02-13 14:47:53] EDIT Apolo/views/default/index.html: 0
[2017-02-13 14:47:55] EDIT Apolo/views/default/index.html: 0
[2017-02-13 14:48:06] EDIT Apolo/views/default/index.html: 0
[2017-02-13 14:49:23] EDIT Apolo/views/default/index.html: 0
[2017-02-13 14:51:06] EDIT Apolo/views/default/index.html: 0
[2017-02-13 14:52:55] EDIT Apolo/views/default/index.html: 0
