timestamp: 2017-02-17T12:54:18.711966
CREATE TABLE auth_user(
    id INTEGER PRIMARY KEY AUTOINCREMENT,
    first_name CHAR(128),
    last_name CHAR(128),
    email CHAR(512),
    password CHAR(512),
    registration_key CHAR(512),
    reset_password_key CHAR(512),
    registration_id CHAR(512)
);
success!
timestamp: 2017-02-17T12:54:19.045293
CREATE TABLE auth_group(
    id INTEGER PRIMARY KEY AUTOINCREMENT,
    role CHAR(512),
    description TEXT
);
success!
timestamp: 2017-02-17T12:54:19.168577
CREATE TABLE auth_membership(
    id INTEGER PRIMARY KEY AUTOINCREMENT,
    user_id INTEGER REFERENCES auth_user (id) ON DELETE CASCADE  ,
    group_id INTEGER REFERENCES auth_group (id) ON DELETE CASCADE  
);
success!
timestamp: 2017-02-17T12:54:19.280164
CREATE TABLE auth_permission(
    id INTEGER PRIMARY KEY AUTOINCREMENT,
    group_id INTEGER REFERENCES auth_group (id) ON DELETE CASCADE  ,
    name CHAR(512),
    table_name CHAR(512),
    record_id INTEGER
);
success!
timestamp: 2017-02-17T12:54:19.459424
CREATE TABLE auth_event(
    id INTEGER PRIMARY KEY AUTOINCREMENT,
    time_stamp TIMESTAMP,
    client_ip CHAR(512),
    user_id INTEGER REFERENCES auth_user (id) ON DELETE CASCADE  ,
    origin CHAR(512),
    description TEXT
);
success!
timestamp: 2017-02-17T12:54:19.838387
CREATE TABLE auth_cas(
    id INTEGER PRIMARY KEY AUTOINCREMENT,
    user_id INTEGER REFERENCES auth_user (id) ON DELETE CASCADE  ,
    created_on TIMESTAMP,
    service CHAR(512),
    ticket CHAR(512),
    renew CHAR(1)
);
success!
timestamp: 2017-02-17T12:54:20.006719
CREATE TABLE usuario(
    id SERIAL PRIMARY KEY,
    username VARCHAR(24) NOT NULL UNIQUE,
    password VARCHAR(24) NOT NULL
);
success!
timestamp: 2017-02-17T12:54:20.128514
CREATE TABLE persona(
    id SERIAL PRIMARY KEY,
    cedula INTEGER NOT NULL UNIQUE,
    primer_nombre VARCHAR(512) NOT NULL,
    segundo_nombre VARCHAR(512),
    primer_apellido VARCHAR(512) NOT NULL,
    segundo_apellido VARCHAR(512) NOT NULL,
    fecha_nacimiento DATE NOT NULL,
    lugar_nacimiento VARCHAR(512) NOT NULL,
    genero VARCHAR(512) NOT NULL,
    imagen TEXT,
    email_principal VARCHAR(512) NOT NULL,
    email_alternativo VARCHAR(512),
    estado_civil VARCHAR(512) NOT NULL
);
success!
timestamp: 2017-02-17T12:54:20.283928
CREATE TABLE bombero(
    id SERIAL PRIMARY KEY,
    carnet INTEGER NOT NULL UNIQUE,
    imagen_perfil TEXT,
    iniciales VARCHAR(512),
    tipo_sangre VARCHAR(512),
    id_persona INTEGER REFERENCES persona (id) ON DELETE CASCADE  NOT NULL  UNIQUE,
    id_usuario INTEGER REFERENCES usuario (id) ON DELETE CASCADE  NOT NULL  UNIQUE,
    hijos INTEGER
);
success!
timestamp: 2017-02-17T12:54:20.548453
CREATE TABLE servicio(
    id SERIAL PRIMARY KEY,
    Registra INTEGER REFERENCES bombero (id) ON DELETE CASCADE  NOT NULL ,
    Borrador CHAR(1) NOT NULL DEFAULT 'T',
    Aprueba INTEGER REFERENCES bombero (id) ON DELETE CASCADE  ,
    fechaCreacion TIMESTAMP,
    fechaFinalizacion TIMESTAMP,
    fechaLlegada TIMESTAMP,
    descripcion VARCHAR(512),
    localizacion VARCHAR(512),
    tipo VARCHAR(512)
);
success!
